[Rover-Gamma] ONLINE | Pos: [365, 254, 0]
[Rover-Gamma] A tentar estabelecer conexao com a Nave...
[Rover-Gamma] [ENVIO] 'STATUS: DESCONECTADO' (Seq 101) -> A aguardar ACK...
[Rover-Gamma] A escuta (UDP)...
[Rover-Gamma] [TIMEOUT] Sem ACK para Seq 101. Retransmitindo (1/5)...
[Rover-Gamma] [ACK-RX] Sucesso! Nave confirmou Seq 101.
[Rover-Gamma] Conexao Estabelecida!
[Rover-Gamma] [ENVIO] 'STATUS: IDLE' (Seq 102) -> A aguardar ACK...
[Rover-Gamma] [ACK-RX] Sucesso! Nave confirmou Seq 102.
[Rover-Gamma] Missao Recebida: Fotografia de Alta Resolucao [ID: M-002]
[Rover-Gamma] [ENVIO] 'STARTED: Fotografia de Alta Resolucao' (Seq 103) -> A aguardar ACK...
[Rover-Gamma] [TIMEOUT] Sem ACK para Seq 103. Retransmitindo (1/5)...
[Rover-Gamma] [TIMEOUT] Sem ACK para Seq 103. Retransmitindo (2/5)...
[Rover-Gamma] [ACK-RX] Sucesso! Nave confirmou Seq 103.

[Rover-Gamma] [FOTO] A enviar dados binarios da Missao M-002...
[Rover-Gamma] [FRAG] Envio Seq 111 | Offset 0 | MORE_FRAGS (1)
[Rover-Gamma] [TIMEOUT] Sem ACK para Seq 111. Retransmitindo (1/5)...
[Rover-Gamma] [ACK-RX] Sucesso! Nave confirmou Seq 111.
[Rover-Gamma] [FRAG] Envio Seq 112 | Offset 250 | MORE_FRAGS (1)
[Rover-Gamma] [ACK-RX] Sucesso! Nave confirmou Seq 112.
[Rover-Gamma] [FRAG] Envio Seq 113 | Offset 500 | MORE_FRAGS (1)
[Rover-Gamma] [TIMEOUT] Sem ACK para Seq 113. Retransmitindo (1/5)...
[Rover-Gamma] [ACK-RX] Sucesso! Nave confirmou Seq 113.
[Rover-Gamma] [FRAG] Envio Seq 114 | Offset 750 | MORE_FRAGS (0)
[Rover-Gamma] [ACK-RX] Sucesso! Nave confirmou Seq 114.
[Rover-Gamma] [FIM] Foto enviada com sucesso.

[Rover-Gamma] [ENVIO] 'COMPLETED: Fotografia de Alta Resolucao' (Seq 120) -> A aguardar ACK...
[Rover-Gamma] [TIMEOUT] Sem ACK para Seq 120. Retransmitindo (1/5)...
[Rover-Gamma] [ACK-RX] Sucesso! Nave confirmou Seq 120.
[Rover-Gamma] [ENVIO] 'STATUS: CHARGING' (Seq 121) -> A aguardar ACK...
[Rover-Gamma] [TIMEOUT] Sem ACK para Seq 121. Retransmitindo (1/5)...
[Rover-Gamma] [TIMEOUT] Sem ACK para Seq 121. Retransmitindo (2/5)...
[Rover-Gamma] [TIMEOUT] Sem ACK para Seq 121. Retransmitindo (3/5)...
[Rover-Gamma] [TIMEOUT] Sem ACK para Seq 121. Retransmitindo (4/5)...
[Rover-Gamma] [TIMEOUT] Sem ACK para Seq 121. Retransmitindo (5/5)...
[Rover-Gamma] [REDE EM BAIXO] Falha apos 5 tentativas. A aguardar 5s...
[Rover-Gamma] A retomar envio persistente do Seq 121...
[Rover-Gamma] [TIMEOUT] Sem ACK para Seq 121. Retransmitindo (1/5)...
[Rover-Gamma] [TIMEOUT] Sem ACK para Seq 121. Retransmitindo (2/5)...
[Rover-Gamma] [TIMEOUT] Sem ACK para Seq 121. Retransmitindo (3/5)...
[Rover-Gamma] [TIMEOUT] Sem ACK para Seq 121. Retransmitindo (4/5)...
[Rover-Gamma] [TIMEOUT] Sem ACK para Seq 121. Retransmitindo (5/5)...
[Rover-Gamma] [REDE EM BAIXO] Falha apos 5 tentativas. A aguardar 5s...
[Rover-Gamma] A retomar envio persistente do Seq 121...
[Rover-Gamma] [TIMEOUT] Sem ACK para Seq 121. Retransmitindo (1/5)...
[Rover-Gamma] [TIMEOUT] Sem ACK para Seq 121. Retransmitindo (2/5)...
[Rover-Gamma] [TIMEOUT] Sem ACK para Seq 121. Retransmitindo (3/5)...
[Rover-Gamma] [TIMEOUT] Sem ACK para Seq 121. Retransmitindo (4/5)...
[Rover-Gamma] [TIMEOUT] Sem ACK para Seq 121. Retransmitindo (5/5)...
[Rover-Gamma] [REDE EM BAIXO] Falha apos 5 tentativas. A aguardar 5s...
[Rover-Gamma] A retomar envio persistente do Seq 121...
[Rover-Gamma] [TIMEOUT] Sem ACK para Seq 121. Retransmitindo (1/5)...
[Rover-Gamma] [TIMEOUT] Sem ACK para Seq 121. Retransmitindo (2/5)...
[Rover-Gamma] [TIMEOUT] Sem ACK para Seq 121. Retransmitindo (3/5)...
[Rover-Gamma] [TIMEOUT] Sem ACK para Seq 121. Retransmitindo (4/5)...
[Rover-Gamma] [TIMEOUT] Sem ACK para Seq 121. Retransmitindo (5/5)...
[Rover-Gamma] [REDE EM BAIXO] Falha apos 5 tentativas. A aguardar 5s...
[Rover-Gamma] A retomar envio persistente do Seq 121...
[Rover-Gamma] [TIMEOUT] Sem ACK para Seq 121. Retransmitindo (1/5)...
[Rover-Gamma] [ENVIO] 'STATUS: IDLE' (Seq 122) -> A aguardar ACK...
[Rover-Gamma] [TIMEOUT] Sem ACK para Seq 121. Retransmitindo (2/5)...
[Rover-Gamma] [TIMEOUT] Sem ACK para Seq 122. Retransmitindo (1/5)...
[Rover-Gamma] [TIMEOUT] Sem ACK para Seq 121. Retransmitindo (3/5)...
[Rover-Gamma] [TIMEOUT] Sem ACK para Seq 122. Retransmitindo (2/5)...
[Rover-Gamma] [TIMEOUT] Sem ACK para Seq 121. Retransmitindo (4/5)...
[Rover-Gamma] [TIMEOUT] Sem ACK para Seq 122. Retransmitindo (3/5)...
[Rover-Gamma] [TIMEOUT] Sem ACK para Seq 121. Retransmitindo (5/5)...
[Rover-Gamma] [REDE EM BAIXO] Falha apos 5 tentativas. A aguardar 5s...
[Rover-Gamma] [TIMEOUT] Sem ACK para Seq 122. Retransmitindo (4/5)...
[Rover-Gamma] [TIMEOUT] Sem ACK para Seq 122. Retransmitindo (5/5)...
[Rover-Gamma] [REDE EM BAIXO] Falha apos 5 tentativas. A aguardar 5s...
[Rover-Gamma] A retomar envio persistente do Seq 121...
[Rover-Gamma] [TIMEOUT] Sem ACK para Seq 121. Retransmitindo (1/5)...
[Rover-Gamma] A retomar envio persistente do Seq 122...
[Rover-Gamma] [TIMEOUT] Sem ACK para Seq 121. Retransmitindo (2/5)...
[Rover-Gamma] [TIMEOUT] Sem ACK para Seq 122. Retransmitindo (1/5)...
[Rover-Gamma] [TIMEOUT] Sem ACK para Seq 121. Retransmitindo (3/5)...
[Rover-Gamma] [TIMEOUT] Sem ACK para Seq 122. Retransmitindo (2/5)...
[Rover-Gamma] [TIMEOUT] Sem ACK para Seq 121. Retransmitindo (4/5)...
[Rover-Gamma] [TIMEOUT] Sem ACK para Seq 122. Retransmitindo (3/5)...
[Rover-Gamma] [TIMEOUT] Sem ACK para Seq 121. Retransmitindo (5/5)...
[Rover-Gamma] [REDE EM BAIXO] Falha apos 5 tentativas. A aguardar 5s...
[Rover-Gamma] [TIMEOUT] Sem ACK para Seq 122. Retransmitindo (4/5)...
[Rover-Gamma] [TIMEOUT] Sem ACK para Seq 122. Retransmitindo (5/5)...
[Rover-Gamma] [REDE EM BAIXO] Falha apos 5 tentativas. A aguardar 5s...
[Rover-Gamma] A retomar envio persistente do Seq 121...
[Rover-Gamma] [TIMEOUT] Sem ACK para Seq 121. Retransmitindo (1/5)...
[Rover-Gamma] A retomar envio persistente do Seq 122...
[Rover-Gamma] [TIMEOUT] Sem ACK para Seq 121. Retransmitindo (2/5)...
[Rover-Gamma] [TIMEOUT] Sem ACK para Seq 122. Retransmitindo (1/5)...
[Rover-Gamma] [TIMEOUT] Sem ACK para Seq 121. Retransmitindo (3/5)...
[Rover-Gamma] [TIMEOUT] Sem ACK para Seq 122. Retransmitindo (2/5)...
[Rover-Gamma] [TIMEOUT] Sem ACK para Seq 121. Retransmitindo (4/5)...
[Rover-Gamma] [TIMEOUT] Sem ACK para Seq 122. Retransmitindo (3/5)...
[Rover-Gamma] [TIMEOUT] Sem ACK para Seq 121. Retransmitindo (5/5)...
[Rover-Gamma] [REDE EM BAIXO] Falha apos 5 tentativas. A aguardar 5s...
[Rover-Gamma] [TIMEOUT] Sem ACK para Seq 122. Retransmitindo (4/5)...
[Rover-Gamma] [TIMEOUT] Sem ACK para Seq 122. Retransmitindo (5/5)...
[Rover-Gamma] [REDE EM BAIXO] Falha apos 5 tentativas. A aguardar 5s...
[Rover-Gamma] A retomar envio persistente do Seq 121...
[Rover-Gamma] [TIMEOUT] Sem ACK para Seq 121. Retransmitindo (1/5)...
[Rover-Gamma] A retomar envio persistente do Seq 122...
[Rover-Gamma] [TIMEOUT] Sem ACK para Seq 121. Retransmitindo (2/5)...
[Rover-Gamma] [TIMEOUT] Sem ACK para Seq 122. Retransmitindo (1/5)...
[Rover-Gamma] [TIMEOUT] Sem ACK para Seq 121. Retransmitindo (3/5)...
[Rover-Gamma] [TIMEOUT] Sem ACK para Seq 122. Retransmitindo (2/5)...
[Rover-Gamma] [TIMEOUT] Sem ACK para Seq 121. Retransmitindo (4/5)...
[Rover-Gamma] [TIMEOUT] Sem ACK para Seq 122. Retransmitindo (3/5)...
[Rover-Gamma] [TIMEOUT] Sem ACK para Seq 121. Retransmitindo (5/5)...
[Rover-Gamma] [REDE EM BAIXO] Falha apos 5 tentativas. A aguardar 5s...
[Rover-Gamma] [TIMEOUT] Sem ACK para Seq 122. Retransmitindo (4/5)...
[Rover-Gamma] [TIMEOUT] Sem ACK para Seq 122. Retransmitindo (5/5)...
[Rover-Gamma] [REDE EM BAIXO] Falha apos 5 tentativas. A aguardar 5s...
[Rover-Gamma] A retomar envio persistente do Seq 121...
[Rover-Gamma] [TIMEOUT] Sem ACK para Seq 121. Retransmitindo (1/5)...
[Rover-Gamma] A retomar envio persistente do Seq 122...
[Rover-Gamma] [TIMEOUT] Sem ACK para Seq 121. Retransmitindo (2/5)...
[Rover-Gamma] [TIMEOUT] Sem ACK para Seq 122. Retransmitindo (1/5)...
[Rover-Gamma] [TIMEOUT] Sem ACK para Seq 121. Retransmitindo (3/5)...
[Rover-Gamma] [TIMEOUT] Sem ACK para Seq 122. Retransmitindo (2/5)...
[Rover-Gamma] [TIMEOUT] Sem ACK para Seq 121. Retransmitindo (4/5)...
[Rover-Gamma] [TIMEOUT] Sem ACK para Seq 122. Retransmitindo (3/5)...
[Rover-Gamma] [TIMEOUT] Sem ACK para Seq 121. Retransmitindo (5/5)...
[Rover-Gamma] [REDE EM BAIXO] Falha apos 5 tentativas. A aguardar 5s...
[Rover-Gamma] [TIMEOUT] Sem ACK para Seq 122. Retransmitindo (4/5)...
[Rover-Gamma] [TIMEOUT] Sem ACK para Seq 122. Retransmitindo (5/5)...
[Rover-Gamma] [REDE EM BAIXO] Falha apos 5 tentativas. A aguardar 5s...
[Rover-Gamma] A retomar envio persistente do Seq 121...
[Rover-Gamma] [TIMEOUT] Sem ACK para Seq 121. Retransmitindo (1/5)...
[Rover-Gamma] A retomar envio persistente do Seq 122...
[Rover-Gamma] [TIMEOUT] Sem ACK para Seq 121. Retransmitindo (2/5)...
[Rover-Gamma] [TIMEOUT] Sem ACK para Seq 122. Retransmitindo (1/5)...
[Rover-Gamma] [TIMEOUT] Sem ACK para Seq 121. Retransmitindo (3/5)...
[Rover-Gamma] [TIMEOUT] Sem ACK para Seq 122. Retransmitindo (2/5)...
[Rover-Gamma] [TIMEOUT] Sem ACK para Seq 121. Retransmitindo (4/5)...
[Rover-Gamma] [TIMEOUT] Sem ACK para Seq 122. Retransmitindo (3/5)...
[Rover-Gamma] [TIMEOUT] Sem ACK para Seq 121. Retransmitindo (5/5)...
[Rover-Gamma] [REDE EM BAIXO] Falha apos 5 tentativas. A aguardar 5s...
[Rover-Gamma] [TIMEOUT] Sem ACK para Seq 122. Retransmitindo (4/5)...
[Rover-Gamma] [TIMEOUT] Sem ACK para Seq 122. Retransmitindo (5/5)...
[Rover-Gamma] [REDE EM BAIXO] Falha apos 5 tentativas. A aguardar 5s...
[Rover-Gamma] A retomar envio persistente do Seq 121...
[Rover-Gamma] [TIMEOUT] Sem ACK para Seq 121. Retransmitindo (1/5)...
[Rover-Gamma] A retomar envio persistente do Seq 122...
[Rover-Gamma] [TIMEOUT] Sem ACK para Seq 121. Retransmitindo (2/5)...
[Rover-Gamma] [TIMEOUT] Sem ACK para Seq 122. Retransmitindo (1/5)...
[Rover-Gamma] [TIMEOUT] Sem ACK para Seq 121. Retransmitindo (3/5)...
[Rover-Gamma] [TIMEOUT] Sem ACK para Seq 122. Retransmitindo (2/5)...
[Rover-Gamma] [TIMEOUT] Sem ACK para Seq 121. Retransmitindo (4/5)...
[Rover-Gamma] [TIMEOUT] Sem ACK para Seq 122. Retransmitindo (3/5)...
[Rover-Gamma] [TIMEOUT] Sem ACK para Seq 121. Retransmitindo (5/5)...
[Rover-Gamma] [REDE EM BAIXO] Falha apos 5 tentativas. A aguardar 5s...
[Rover-Gamma] [TIMEOUT] Sem ACK para Seq 122. Retransmitindo (4/5)...
[Rover-Gamma] [TIMEOUT] Sem ACK para Seq 122. Retransmitindo (5/5)...
[Rover-Gamma] [REDE EM BAIXO] Falha apos 5 tentativas. A aguardar 5s...
[Rover-Gamma] A retomar envio persistente do Seq 121...
[Rover-Gamma] [TIMEOUT] Sem ACK para Seq 121. Retransmitindo (1/5)...
[Rover-Gamma] A retomar envio persistente do Seq 122...
[Rover-Gamma] [TIMEOUT] Sem ACK para Seq 121. Retransmitindo (2/5)...
[Rover-Gamma] [TIMEOUT] Sem ACK para Seq 122. Retransmitindo (1/5)...
[Rover-Gamma] [TIMEOUT] Sem ACK para Seq 121. Retransmitindo (3/5)...
[Rover-Gamma] [TIMEOUT] Sem ACK para Seq 122. Retransmitindo (2/5)...
[Rover-Gamma] [TIMEOUT] Sem ACK para Seq 121. Retransmitindo (4/5)...
[Rover-Gamma] [TIMEOUT] Sem ACK para Seq 122. Retransmitindo (3/5)...
[Rover-Gamma] [TIMEOUT] Sem ACK para Seq 121. Retransmitindo (5/5)...
[Rover-Gamma] [REDE EM BAIXO] Falha apos 5 tentativas. A aguardar 5s...
[Rover-Gamma] [TIMEOUT] Sem ACK para Seq 122. Retransmitindo (4/5)...
[Rover-Gamma] [TIMEOUT] Sem ACK para Seq 122. Retransmitindo (5/5)...
[Rover-Gamma] [REDE EM BAIXO] Falha apos 5 tentativas. A aguardar 5s...
[Rover-Gamma] A retomar envio persistente do Seq 121...
[Rover-Gamma] [TIMEOUT] Sem ACK para Seq 121. Retransmitindo (1/5)...
[Rover-Gamma] A retomar envio persistente do Seq 122...
[Rover-Gamma] [TIMEOUT] Sem ACK para Seq 121. Retransmitindo (2/5)...
[Rover-Gamma] [TIMEOUT] Sem ACK para Seq 122. Retransmitindo (1/5)...
[Rover-Gamma] [TIMEOUT] Sem ACK para Seq 121. Retransmitindo (3/5)...
[Rover-Gamma] [TIMEOUT] Sem ACK para Seq 122. Retransmitindo (2/5)...
[Rover-Gamma] [TIMEOUT] Sem ACK para Seq 121. Retransmitindo (4/5)...
[Rover-Gamma] [ACK-RX] Sucesso! Nave confirmou Seq 122.
