[Rover-Alpha] ONLINE | Pos: [282, 223, 0]
[Rover-Alpha] A tentar estabelecer conexao com a Nave...
[Rover-Alpha] [ENVIO] 'STATUS: DESCONECTADO' (Seq 101) -> A aguardar ACK...
[Rover-Alpha] A escuta (UDP)...
[Rover-Alpha] [ACK-RX] Sucesso! Nave confirmou Seq 101.
[Rover-Alpha] Conexao Estabelecida!
[Rover-Alpha] [ENVIO] 'STATUS: IDLE' (Seq 102) -> A aguardar ACK...
[Rover-Alpha] [TIMEOUT] Sem ACK para Seq 102. Retransmitindo (1/5)...
[Rover-Alpha] [ACK-RX] Sucesso! Nave confirmou Seq 102.
[Rover-Alpha] Comando Carga ignorado (Bateria Cheia)
[Rover-Alpha] [ENVIO] 'STATUS: IDLE' (Seq 103) -> A aguardar ACK...
[Rover-Alpha] [TIMEOUT] Sem ACK para Seq 103. Retransmitindo (1/5)...
[Rover-Alpha] [TIMEOUT] Sem ACK para Seq 103. Retransmitindo (2/5)...
[Rover-Alpha] [TIMEOUT] Sem ACK para Seq 103. Retransmitindo (3/5)...
[Rover-Alpha] [TIMEOUT] Sem ACK para Seq 103. Retransmitindo (4/5)...
[Rover-Alpha] [TIMEOUT] Sem ACK para Seq 103. Retransmitindo (5/5)...
[Rover-Alpha] [REDE EM BAIXO] Falha apos 5 tentativas. A aguardar 5s...
[Rover-Alpha] A retomar envio persistente do Seq 103...
[Rover-Alpha] [TIMEOUT] Sem ACK para Seq 103. Retransmitindo (1/5)...
[Rover-Alpha] [TIMEOUT] Sem ACK para Seq 103. Retransmitindo (2/5)...
[Rover-Alpha] [TIMEOUT] Sem ACK para Seq 103. Retransmitindo (3/5)...
[Rover-Alpha] [TIMEOUT] Sem ACK para Seq 103. Retransmitindo (4/5)...
[Rover-Alpha] [TIMEOUT] Sem ACK para Seq 103. Retransmitindo (5/5)...
[Rover-Alpha] [REDE EM BAIXO] Falha apos 5 tentativas. A aguardar 5s...
[Rover-Alpha] A retomar envio persistente do Seq 103...
[Rover-Alpha] [TIMEOUT] Sem ACK para Seq 103. Retransmitindo (1/5)...
[Rover-Alpha] [TIMEOUT] Sem ACK para Seq 103. Retransmitindo (2/5)...
[Rover-Alpha] [TIMEOUT] Sem ACK para Seq 103. Retransmitindo (3/5)...
[Rover-Alpha] [TIMEOUT] Sem ACK para Seq 103. Retransmitindo (4/5)...
[Rover-Alpha] [TIMEOUT] Sem ACK para Seq 103. Retransmitindo (5/5)...
[Rover-Alpha] [REDE EM BAIXO] Falha apos 5 tentativas. A aguardar 5s...
[Rover-Alpha] A retomar envio persistente do Seq 103...
[Rover-Alpha] [TIMEOUT] Sem ACK para Seq 103. Retransmitindo (1/5)...
[Rover-Alpha] [TIMEOUT] Sem ACK para Seq 103. Retransmitindo (2/5)...
[Rover-Alpha] [TIMEOUT] Sem ACK para Seq 103. Retransmitindo (3/5)...
[Rover-Alpha] [TIMEOUT] Sem ACK para Seq 103. Retransmitindo (4/5)...
[Rover-Alpha] [TIMEOUT] Sem ACK para Seq 103. Retransmitindo (5/5)...
[Rover-Alpha] [REDE EM BAIXO] Falha apos 5 tentativas. A aguardar 5s...
[Rover-Alpha] A retomar envio persistente do Seq 103...
[Rover-Alpha] [TIMEOUT] Sem ACK para Seq 103. Retransmitindo (1/5)...
[Rover-Alpha] [TIMEOUT] Sem ACK para Seq 103. Retransmitindo (2/5)...
[Rover-Alpha] [TIMEOUT] Sem ACK para Seq 103. Retransmitindo (3/5)...
[Rover-Alpha] [TIMEOUT] Sem ACK para Seq 103. Retransmitindo (4/5)...
[Rover-Alpha] [TIMEOUT] Sem ACK para Seq 103. Retransmitindo (5/5)...
[Rover-Alpha] [REDE EM BAIXO] Falha apos 5 tentativas. A aguardar 5s...
[Rover-Alpha] A retomar envio persistente do Seq 103...
[Rover-Alpha] [TIMEOUT] Sem ACK para Seq 103. Retransmitindo (1/5)...
[Rover-Alpha] [TIMEOUT] Sem ACK para Seq 103. Retransmitindo (2/5)...
[Rover-Alpha] [TIMEOUT] Sem ACK para Seq 103. Retransmitindo (3/5)...
[Rover-Alpha] [TIMEOUT] Sem ACK para Seq 103. Retransmitindo (4/5)...
[Rover-Alpha] [TIMEOUT] Sem ACK para Seq 103. Retransmitindo (5/5)...
[Rover-Alpha] [REDE EM BAIXO] Falha apos 5 tentativas. A aguardar 5s...
[Rover-Alpha] A retomar envio persistente do Seq 103...
[Rover-Alpha] [TIMEOUT] Sem ACK para Seq 103. Retransmitindo (1/5)...
[Rover-Alpha] [TIMEOUT] Sem ACK para Seq 103. Retransmitindo (2/5)...
[Rover-Alpha] [TIMEOUT] Sem ACK para Seq 103. Retransmitindo (3/5)...
[Rover-Alpha] [TIMEOUT] Sem ACK para Seq 103. Retransmitindo (4/5)...
[Rover-Alpha] [TIMEOUT] Sem ACK para Seq 103. Retransmitindo (5/5)...
[Rover-Alpha] [REDE EM BAIXO] Falha apos 5 tentativas. A aguardar 5s...
[Rover-Alpha] A retomar envio persistente do Seq 103...
[Rover-Alpha] [TIMEOUT] Sem ACK para Seq 103. Retransmitindo (1/5)...
[Rover-Alpha] [TIMEOUT] Sem ACK para Seq 103. Retransmitindo (2/5)...
[Rover-Alpha] [TIMEOUT] Sem ACK para Seq 103. Retransmitindo (3/5)...
[Rover-Alpha] [TIMEOUT] Sem ACK para Seq 103. Retransmitindo (4/5)...
[Rover-Alpha] [TIMEOUT] Sem ACK para Seq 103. Retransmitindo (5/5)...
[Rover-Alpha] [REDE EM BAIXO] Falha apos 5 tentativas. A aguardar 5s...
[Rover-Alpha] A retomar envio persistente do Seq 103...
[Rover-Alpha] [TIMEOUT] Sem ACK para Seq 103. Retransmitindo (1/5)...
[Rover-Alpha] [TIMEOUT] Sem ACK para Seq 103. Retransmitindo (2/5)...
[Rover-Alpha] [TIMEOUT] Sem ACK para Seq 103. Retransmitindo (3/5)...
[Rover-Alpha] [TIMEOUT] Sem ACK para Seq 103. Retransmitindo (4/5)...
[Rover-Alpha] [TIMEOUT] Sem ACK para Seq 103. Retransmitindo (5/5)...
[Rover-Alpha] [REDE EM BAIXO] Falha apos 5 tentativas. A aguardar 5s...
[Rover-Alpha] A retomar envio persistente do Seq 103...
[Rover-Alpha] [TIMEOUT] Sem ACK para Seq 103. Retransmitindo (1/5)...
[Rover-Alpha] [TIMEOUT] Sem ACK para Seq 103. Retransmitindo (2/5)...
[Rover-Alpha] [TIMEOUT] Sem ACK para Seq 103. Retransmitindo (3/5)...
[Rover-Alpha] [TIMEOUT] Sem ACK para Seq 103. Retransmitindo (4/5)...
[Rover-Alpha] [TIMEOUT] Sem ACK para Seq 103. Retransmitindo (5/5)...
[Rover-Alpha] [REDE EM BAIXO] Falha apos 5 tentativas. A aguardar 5s...
[Rover-Alpha] A retomar envio persistente do Seq 103...
[Rover-Alpha] [TIMEOUT] Sem ACK para Seq 103. Retransmitindo (1/5)...
[Rover-Alpha] [TIMEOUT] Sem ACK para Seq 103. Retransmitindo (2/5)...
[Rover-Alpha] [TIMEOUT] Sem ACK para Seq 103. Retransmitindo (3/5)...
[Rover-Alpha] [TIMEOUT] Sem ACK para Seq 103. Retransmitindo (4/5)...
[Rover-Alpha] [TIMEOUT] Sem ACK para Seq 103. Retransmitindo (5/5)...
[Rover-Alpha] [REDE EM BAIXO] Falha apos 5 tentativas. A aguardar 5s...
[Rover-Alpha] A retomar envio persistente do Seq 103...
[Rover-Alpha] [TIMEOUT] Sem ACK para Seq 103. Retransmitindo (1/5)...
[Rover-Alpha] [TIMEOUT] Sem ACK para Seq 103. Retransmitindo (2/5)...
[Rover-Alpha] [TIMEOUT] Sem ACK para Seq 103. Retransmitindo (3/5)...
[Rover-Alpha] [TIMEOUT] Sem ACK para Seq 103. Retransmitindo (4/5)...
[Rover-Alpha] [TIMEOUT] Sem ACK para Seq 103. Retransmitindo (5/5)...
[Rover-Alpha] [REDE EM BAIXO] Falha apos 5 tentativas. A aguardar 5s...
[Rover-Alpha] A retomar envio persistente do Seq 103...
[Rover-Alpha] [TIMEOUT] Sem ACK para Seq 103. Retransmitindo (1/5)...
[Rover-Alpha] [TIMEOUT] Sem ACK para Seq 103. Retransmitindo (2/5)...
[Rover-Alpha] [TIMEOUT] Sem ACK para Seq 103. Retransmitindo (3/5)...
[Rover-Alpha] [TIMEOUT] Sem ACK para Seq 103. Retransmitindo (4/5)...
[Rover-Alpha] [TIMEOUT] Sem ACK para Seq 103. Retransmitindo (5/5)...
[Rover-Alpha] [REDE EM BAIXO] Falha apos 5 tentativas. A aguardar 5s...
[Rover-Alpha] A retomar envio persistente do Seq 103...
[Rover-Alpha] [TIMEOUT] Sem ACK para Seq 103. Retransmitindo (1/5)...
[Rover-Alpha] [TIMEOUT] Sem ACK para Seq 103. Retransmitindo (2/5)...
[Rover-Alpha] [TIMEOUT] Sem ACK para Seq 103. Retransmitindo (3/5)...
[Rover-Alpha] [TIMEOUT] Sem ACK para Seq 103. Retransmitindo (4/5)...
[Rover-Alpha] [TIMEOUT] Sem ACK para Seq 103. Retransmitindo (5/5)...
[Rover-Alpha] [REDE EM BAIXO] Falha apos 5 tentativas. A aguardar 5s...
[Rover-Alpha] A retomar envio persistente do Seq 103...
[Rover-Alpha] [TIMEOUT] Sem ACK para Seq 103. Retransmitindo (1/5)...
[Rover-Alpha] [TIMEOUT] Sem ACK para Seq 103. Retransmitindo (2/5)...
[Rover-Alpha] [TIMEOUT] Sem ACK para Seq 103. Retransmitindo (3/5)...
[Rover-Alpha] [TIMEOUT] Sem ACK para Seq 103. Retransmitindo (4/5)...
[Rover-Alpha] [TIMEOUT] Sem ACK para Seq 103. Retransmitindo (5/5)...
[Rover-Alpha] [REDE EM BAIXO] Falha apos 5 tentativas. A aguardar 5s...
[Rover-Alpha] A retomar envio persistente do Seq 103...
[Rover-Alpha] [TIMEOUT] Sem ACK para Seq 103. Retransmitindo (1/5)...
[Rover-Alpha] [TIMEOUT] Sem ACK para Seq 103. Retransmitindo (2/5)...
[Rover-Alpha] [TIMEOUT] Sem ACK para Seq 103. Retransmitindo (3/5)...
[Rover-Alpha] [TIMEOUT] Sem ACK para Seq 103. Retransmitindo (4/5)...
[Rover-Alpha] [TIMEOUT] Sem ACK para Seq 103. Retransmitindo (5/5)...
[Rover-Alpha] [REDE EM BAIXO] Falha apos 5 tentativas. A aguardar 5s...
[Rover-Alpha] A retomar envio persistente do Seq 103...
[Rover-Alpha] [TIMEOUT] Sem ACK para Seq 103. Retransmitindo (1/5)...
[Rover-Alpha] [TIMEOUT] Sem ACK para Seq 103. Retransmitindo (2/5)...
[Rover-Alpha] [TIMEOUT] Sem ACK para Seq 103. Retransmitindo (3/5)...
[Rover-Alpha] [TIMEOUT] Sem ACK para Seq 103. Retransmitindo (4/5)...
[Rover-Alpha] [TIMEOUT] Sem ACK para Seq 103. Retransmitindo (5/5)...
[Rover-Alpha] [REDE EM BAIXO] Falha apos 5 tentativas. A aguardar 5s...
[Rover-Alpha] A retomar envio persistente do Seq 103...
[Rover-Alpha] [TIMEOUT] Sem ACK para Seq 103. Retransmitindo (1/5)...
[Rover-Alpha] [TIMEOUT] Sem ACK para Seq 103. Retransmitindo (2/5)...
[Rover-Alpha] [TIMEOUT] Sem ACK para Seq 103. Retransmitindo (3/5)...
[Rover-Alpha] [TIMEOUT] Sem ACK para Seq 103. Retransmitindo (4/5)...
[Rover-Alpha] [TIMEOUT] Sem ACK para Seq 103. Retransmitindo (5/5)...
[Rover-Alpha] [REDE EM BAIXO] Falha apos 5 tentativas. A aguardar 5s...
