[Rover-Beta] ONLINE | Pos: [399, 100, 0]
[Rover-Beta] A tentar estabelecer conexao com a Nave...
[Rover-Beta] [ENVIO] 'STATUS: DESCONECTADO' (Seq 101) -> A aguardar ACK...
[Rover-Beta] A escuta (UDP)...
[Rover-Beta] [ACK-RX] Sucesso! Nave confirmou Seq 101.
[Rover-Beta] Conexao Estabelecida!
[Rover-Beta] [ENVIO] 'STATUS: IDLE' (Seq 102) -> A aguardar ACK...
[Rover-Beta] [TIMEOUT] Sem ACK para Seq 102. Retransmitindo (1/5)...
[Rover-Beta] [TIMEOUT] Sem ACK para Seq 102. Retransmitindo (2/5)...
[Rover-Beta] [TIMEOUT] Sem ACK para Seq 102. Retransmitindo (3/5)...
[Rover-Beta] [ACK-RX] Sucesso! Nave confirmou Seq 102.
[Rover-Beta] Missao Recebida: Fotografia de Alta Resolucao [ID: M-002]
[Rover-Beta] [ENVIO] 'STARTED: Fotografia de Alta Resolucao' (Seq 103) -> A aguardar ACK...
[Rover-Beta] [ACK-RX] Sucesso! Nave confirmou Seq 103.

[Rover-Beta] [FOTO] A enviar dados binarios da Missao M-002...
[Rover-Beta] [FRAG] Envio Seq 115 | Offset 0 | MORE_FRAGS (1)
[Rover-Beta] [ACK-RX] Sucesso! Nave confirmou Seq 115.
[Rover-Beta] [FRAG] Envio Seq 116 | Offset 250 | MORE_FRAGS (1)
[Rover-Beta] [ACK-RX] Sucesso! Nave confirmou Seq 116.
[Rover-Beta] [FRAG] Envio Seq 117 | Offset 500 | MORE_FRAGS (0)
[Rover-Beta] [ACK-RX] Sucesso! Nave confirmou Seq 117.
[Rover-Beta] [FIM] Foto enviada com sucesso.

[Rover-Beta] [ENVIO] 'COMPLETED: Fotografia de Alta Resolucao' (Seq 127) -> A aguardar ACK...
[Rover-Beta] [TIMEOUT] Sem ACK para Seq 127. Retransmitindo (1/5)...
[Rover-Beta] [ACK-RX] Sucesso! Nave confirmou Seq 127.
[Rover-Beta] [ENVIO] 'STATUS: CHARGING' (Seq 128) -> A aguardar ACK...
[Rover-Beta] [TIMEOUT] Sem ACK para Seq 128. Retransmitindo (1/5)...
[Rover-Beta] [TIMEOUT] Sem ACK para Seq 128. Retransmitindo (2/5)...
[Rover-Beta] [TIMEOUT] Sem ACK para Seq 128. Retransmitindo (3/5)...
[Rover-Beta] [TIMEOUT] Sem ACK para Seq 128. Retransmitindo (4/5)...
[Rover-Beta] [TIMEOUT] Sem ACK para Seq 128. Retransmitindo (5/5)...
[Rover-Beta] [REDE EM BAIXO] Falha apos 5 tentativas. A aguardar 5s...
[Rover-Beta] A retomar envio persistente do Seq 128...
[Rover-Beta] [TIMEOUT] Sem ACK para Seq 128. Retransmitindo (1/5)...
[Rover-Beta] [TIMEOUT] Sem ACK para Seq 128. Retransmitindo (2/5)...
[Rover-Beta] [TIMEOUT] Sem ACK para Seq 128. Retransmitindo (3/5)...
[Rover-Beta] [TIMEOUT] Sem ACK para Seq 128. Retransmitindo (4/5)...
[Rover-Beta] [TIMEOUT] Sem ACK para Seq 128. Retransmitindo (5/5)...
[Rover-Beta] [REDE EM BAIXO] Falha apos 5 tentativas. A aguardar 5s...
[Rover-Beta] A retomar envio persistente do Seq 128...
[Rover-Beta] [TIMEOUT] Sem ACK para Seq 128. Retransmitindo (1/5)...
[Rover-Beta] [TIMEOUT] Sem ACK para Seq 128. Retransmitindo (2/5)...
[Rover-Beta] [TIMEOUT] Sem ACK para Seq 128. Retransmitindo (3/5)...
[Rover-Beta] [TIMEOUT] Sem ACK para Seq 128. Retransmitindo (4/5)...
[Rover-Beta] [TIMEOUT] Sem ACK para Seq 128. Retransmitindo (5/5)...
[Rover-Beta] [REDE EM BAIXO] Falha apos 5 tentativas. A aguardar 5s...
[Rover-Beta] A retomar envio persistente do Seq 128...
[Rover-Beta] [TIMEOUT] Sem ACK para Seq 128. Retransmitindo (1/5)...
[Rover-Beta] [TIMEOUT] Sem ACK para Seq 128. Retransmitindo (2/5)...
[Rover-Beta] [TIMEOUT] Sem ACK para Seq 128. Retransmitindo (3/5)...
[Rover-Beta] [TIMEOUT] Sem ACK para Seq 128. Retransmitindo (4/5)...
[Rover-Beta] [TIMEOUT] Sem ACK para Seq 128. Retransmitindo (5/5)...
[Rover-Beta] [REDE EM BAIXO] Falha apos 5 tentativas. A aguardar 5s...
[Rover-Beta] A retomar envio persistente do Seq 128...
[Rover-Beta] [TIMEOUT] Sem ACK para Seq 128. Retransmitindo (1/5)...
[Rover-Beta] [TIMEOUT] Sem ACK para Seq 128. Retransmitindo (2/5)...
[Rover-Beta] [TIMEOUT] Sem ACK para Seq 128. Retransmitindo (3/5)...
[Rover-Beta] [TIMEOUT] Sem ACK para Seq 128. Retransmitindo (4/5)...
[Rover-Beta] [TIMEOUT] Sem ACK para Seq 128. Retransmitindo (5/5)...
[Rover-Beta] [REDE EM BAIXO] Falha apos 5 tentativas. A aguardar 5s...
[Rover-Beta] A retomar envio persistente do Seq 128...
[Rover-Beta] [TIMEOUT] Sem ACK para Seq 128. Retransmitindo (1/5)...
[Rover-Beta] [TIMEOUT] Sem ACK para Seq 128. Retransmitindo (2/5)...
[Rover-Beta] [TIMEOUT] Sem ACK para Seq 128. Retransmitindo (3/5)...
[Rover-Beta] [TIMEOUT] Sem ACK para Seq 128. Retransmitindo (4/5)...
[Rover-Beta] [TIMEOUT] Sem ACK para Seq 128. Retransmitindo (5/5)...
[Rover-Beta] [REDE EM BAIXO] Falha apos 5 tentativas. A aguardar 5s...
[Rover-Beta] A retomar envio persistente do Seq 128...
[Rover-Beta] [TIMEOUT] Sem ACK para Seq 128. Retransmitindo (1/5)...
[Rover-Beta] [ENVIO] 'STATUS: IDLE' (Seq 129) -> A aguardar ACK...
[Rover-Beta] [TIMEOUT] Sem ACK para Seq 128. Retransmitindo (2/5)...
[Rover-Beta] [TIMEOUT] Sem ACK para Seq 129. Retransmitindo (1/5)...
[Rover-Beta] [TIMEOUT] Sem ACK para Seq 128. Retransmitindo (3/5)...
[Rover-Beta] [TIMEOUT] Sem ACK para Seq 129. Retransmitindo (2/5)...
[Rover-Beta] [TIMEOUT] Sem ACK para Seq 128. Retransmitindo (4/5)...
[Rover-Beta] [TIMEOUT] Sem ACK para Seq 129. Retransmitindo (3/5)...
[Rover-Beta] [TIMEOUT] Sem ACK para Seq 128. Retransmitindo (5/5)...
[Rover-Beta] [REDE EM BAIXO] Falha apos 5 tentativas. A aguardar 5s...
[Rover-Beta] [TIMEOUT] Sem ACK para Seq 129. Retransmitindo (4/5)...
[Rover-Beta] [TIMEOUT] Sem ACK para Seq 129. Retransmitindo (5/5)...
[Rover-Beta] [REDE EM BAIXO] Falha apos 5 tentativas. A aguardar 5s...
[Rover-Beta] A retomar envio persistente do Seq 128...
[Rover-Beta] [TIMEOUT] Sem ACK para Seq 128. Retransmitindo (1/5)...
[Rover-Beta] A retomar envio persistente do Seq 129...
[Rover-Beta] [TIMEOUT] Sem ACK para Seq 128. Retransmitindo (2/5)...
[Rover-Beta] [TIMEOUT] Sem ACK para Seq 129. Retransmitindo (1/5)...
[Rover-Beta] [TIMEOUT] Sem ACK para Seq 128. Retransmitindo (3/5)...
[Rover-Beta] [TIMEOUT] Sem ACK para Seq 129. Retransmitindo (2/5)...
[Rover-Beta] [TIMEOUT] Sem ACK para Seq 128. Retransmitindo (4/5)...
[Rover-Beta] [TIMEOUT] Sem ACK para Seq 129. Retransmitindo (3/5)...
